2023-09-03 07:15:03.323 [info] Added views:workbench.panel.markers.view in workbench.panel.markers
2023-09-03 07:15:03.323 [info] Added views:workbench.panel.output in workbench.panel.output
2023-09-03 07:15:03.323 [info] Added views:terminal in terminal
2023-09-03 07:15:03.324 [info] Added views:outline in workbench.view.explorer
2023-09-03 07:15:03.324 [info] Added views:workbench.scm in workbench.view.scm
2023-09-03 07:15:03.324 [info] Added views:workbench.view.search in workbench.view.search
2023-09-03 07:15:03.324 [info] Added views:timeline in workbench.view.explorer
2023-09-03 07:15:03.324 [info] Added views:workbench.explorer.emptyView in workbench.view.explorer
2023-09-03 07:15:04.273 [info] Added views:workbench.debug.welcome in workbench.view.debug
2023-09-03 07:15:04.580 [info] Added views:workbench.panel.repl.view in workbench.panel.repl
2023-09-03 07:17:39.329 [info] View visibility state changed: workbench.explorer.openEditorsView is now visible Explorer
2023-09-03 07:17:39.329 [info] Showing view workbench.explorer.openEditorsView in the container workbench.view.explorer
2023-09-03 07:17:39.350 [info] Added views:workbench.explorer.openEditorsView in workbench.view.explorer
2023-09-03 07:17:46.888 [info] Added views:workbench.views.extensions.installed,workbench.views.extensions.popular,extensions.recommendedList in workbench.view.extensions
2023-09-03 07:17:46.928 [info] Removed views:workbench.views.extensions.popular from workbench.view.extensions
2023-09-03 07:17:50.987 [info] Added views:gitlens.views.home,gitlens.views.workspaces,gitlens.views.account in workbench.view.extension.gitlens
2023-09-03 07:17:50.988 [info] Added views:gitlens.views.commitDetails,gitlens.views.lineHistory,gitlens.views.fileHistory,gitlens.views.searchAndCompare in workbench.view.extension.gitlensInspect
2023-09-03 07:17:50.990 [info] Added views:gitlens.views.commits,gitlens.views.branches,gitlens.views.remotes,gitlens.views.stashes,gitlens.views.tags in workbench.view.scm
2023-09-03 07:17:50.991 [info] Added views:github.codespaces.explorer in workbench.view.remote
2023-09-03 07:17:50.993 [info] Added views:pr:github,issues:github in workbench.view.extension.github-pull-requests
2023-09-03 07:17:51.944 [info] Removed views:gitlens.views.searchAndCompare,gitlens.views.fileHistory,gitlens.views.lineHistory,gitlens.views.commitDetails from workbench.view.extension.gitlensInspect
2023-09-03 07:17:51.946 [info] Removed views:gitlens.views.tags,gitlens.views.stashes,gitlens.views.remotes,gitlens.views.branches,gitlens.views.commits from workbench.view.scm
