2023-09-03 07:15:04.642 [info] Reading sessions from keychain...
2023-09-03 07:15:04.642 [info] Getting sessions for all scopes...
2023-09-03 07:15:04.642 [info] Getting sessions for user:email...
2023-09-03 07:15:04.643 [info] Got 0 sessions for ...
2023-09-03 07:15:04.643 [info] Got 0 sessions for user:email...
2023-09-03 07:15:04.858 [info] Getting sessions for all scopes...
2023-09-03 07:15:04.858 [info] Got 0 sessions for ...
2023-09-03 07:15:07.273 [info] Getting sessions for user:email...
2023-09-03 07:15:07.273 [info] Got 0 sessions for user:email...
2023-09-03 07:15:11.108 [info] Logging in for the following scopes: user:email
2023-09-03 07:15:11.111 [info] Trying without local server... (user:email)
2023-09-03 07:16:57.553 [error] User Cancelled
2023-09-03 07:17:10.728 [info] Getting sessions for user:email...
2023-09-03 07:17:10.728 [info] Got 0 sessions for user:email...
2023-09-03 07:17:11.822 [info] Logging in for the following scopes: user:email
2023-09-03 07:17:11.824 [info] Trying without local server... (user:email)
2023-09-03 07:17:25.575 [info] Exchanging code for token...
2023-09-03 07:17:25.981 [info] Token exchange success!
2023-09-03 07:17:25.983 [info] Getting user info...
2023-09-03 07:17:26.405 [info] Got account info!
2023-09-03 07:17:26.406 [info] Storing 1 sessions...
2023-09-03 07:17:30.122 [info] Reading sessions from keychain...
2023-09-03 07:17:30.123 [info] Stored 1 sessions!
2023-09-03 07:17:30.123 [info] Login success!
2023-09-03 07:17:30.128 [info] Getting sessions for user:email...
2023-09-03 07:17:30.148 [info] Getting sessions for user:email...
2023-09-03 07:17:30.148 [info] Got stored sessions!
2023-09-03 07:17:30.148 [info] Got 1 verified sessions.
2023-09-03 07:17:30.148 [info] Got 1 sessions for user:email...
2023-09-03 07:17:30.148 [info] Got 1 sessions for user:email...
2023-09-03 07:17:52.208 [info] Getting sessions for all scopes...
2023-09-03 07:17:52.208 [info] Got 1 sessions for ...
2023-09-03 07:17:52.213 [info] Getting sessions for read:user,repo,user:email,workflow...
2023-09-03 07:17:52.213 [info] Got 0 sessions for read:user,repo,user:email,workflow...
2023-09-03 07:17:52.230 [info] Getting sessions for read:user,repo,user:email...
2023-09-03 07:17:52.230 [info] Got 0 sessions for read:user,repo,user:email...
