[2024-01-30 23:13:38.178] [info]  [
  '[App opened] - version: 1.6.1 - Meta: linux-x64, framework - 26.3.0, baseframework - 116.0.5845.228'
]
[2024-01-30 23:13:38.233] [info]  [
  '{"appWindowState":{"maximized":true,"fullscreen":false,"bounds":"auto"},"enableSecurityFileWrite":true,"defaultMail":{"alwaysCheck":true},"appUpdater":{"autoCheck":true,"autoUpdateErrorCount":0},"spellcheck":true,"viewMenu":{"notificationBadge":true},"disableGPU":false}'
]
[2024-01-30 23:13:38.501] [info]  [
  '[base-window] redirect-request',
  'file:///home/osegura/.cache/appimage-run/757978e842dcb904b87bd81e34f515d2107e2ca3abbbdab9a0273c6abdfff4ca/resources/app.asar/app/window/privacyInformation/index.html'
]
[2024-01-30 23:13:40.956] [info]  [ 'preference update-oneTimeMessages-[object Object]' ]
[2024-01-30 23:13:41.051] [info]  [ 'Close Window', 'privacy-window' ]
[2024-01-30 23:13:41.985] [info]  [ 'login screen loaded' ]
[2024-01-30 23:13:41.985] [info]  [
  'loginWindow',
  'did-navigate',
  'https://accounts.zoho.com/signin?servicename=VirtualOffice&serviceurl=https://mail.zoho.com/zm/&hidesignup=true&hide_secure=true'
]
[2024-01-30 23:13:41.988] [info]  [
  '[base-window] redirect-request',
  'https://accounts.zoho.com/signin?servicename=VirtualOffice&serviceurl=https://mail.zoho.com/zm/&hidesignup=true&hide_secure=true'
]
[2024-01-30 23:13:43.840] [info]  [ 'login screen loaded' ]
[2024-01-30 23:13:45.027] [info]  [ 'All windows are closed' ]
[2024-01-30 23:13:45.027] [info]  [ 'APP Switching on progress - ', false ]
[2024-01-30 23:13:45.028] [info]  [ 'Delete Without Mail Account - No discrepancy found' ]
[2024-01-30 23:16:39.543] [info]  [
  '[App opened] - version: 1.6.1 - Meta: linux-x64, framework - 26.3.0, baseframework - 116.0.5845.228'
]
[2024-01-30 23:16:39.745] [info]  [
  '{"appWindowState":{"maximized":true,"fullscreen":false,"bounds":"auto"},"enableSecurityFileWrite":true,"defaultMail":{"alwaysCheck":true},"appUpdater":{"autoCheck":true,"autoUpdateErrorCount":0},"spellcheck":true,"viewMenu":{"notificationBadge":true},"disableGPU":false,"oneTimeMessages":{"publicSystems":1}}'
]
[2024-01-30 23:16:40.838] [info]  [ 'login screen loaded' ]
[2024-01-30 23:16:40.838] [info]  [
  'loginWindow',
  'did-navigate',
  'https://accounts.zoho.com/signin?servicename=VirtualOffice&serviceurl=https://mail.zoho.com/zm/&hidesignup=true&hide_secure=true'
]
[2024-01-30 23:16:40.842] [info]  [
  '[base-window] redirect-request',
  'https://accounts.zoho.com/signin?servicename=VirtualOffice&serviceurl=https://mail.zoho.com/zm/&hidesignup=true&hide_secure=true'
]
[2024-01-30 23:16:41.024] [info]  [ 'login screen loaded' ]
[2024-01-30 23:16:54.780] [info]  [ 'login screen loaded' ]
[2024-01-30 23:16:54.781] [info]  [ 'loginWindow', 'will-navigate', 'https://mail.zoho.com/zm/' ]
[2024-01-30 23:16:55.003] [info]  [ 'login Success', 'persist:session-partition1' ]
[2024-01-30 23:16:55.055] [info]  [ 'Close Window', 'login' ]
[2024-01-30 23:16:56.222] [info]  [ 'appWindow', 'did-navigate', 'https://mail.zoho.com/zm/' ]
[2024-01-30 23:16:56.222] [info]  [ '[base-window] redirect-request', 'https://mail.zoho.com/zm/' ]
[2024-01-30 23:16:56.242] [info]  [ 'preference update-downloadPreferences-[object Object]' ]
[2024-01-30 23:16:57.459] [info]  [ 'Duplicate Account Cleaning - START' ]
[2024-01-30 23:17:01.977] [info]  [ 'preference update-appWindowState-[object Object]' ]
[2024-01-30 23:17:05.296] [info]  [ 'preference update-appWindowState-[object Object]' ]
[2024-01-30 23:17:09.259] [info]  [ 'app window is ready for processing' ]
[2024-01-30 23:17:09.273] [info]  [ 'appWindow', 'permission-check', [ 'notifications' ] ]
[2024-01-30 23:17:12.796] [info]  [ 'appWindow', 'permission-check', [ 'geolocation' ] ]
[2024-01-30 23:17:12.832] [info]  [ 'appWindow', 'permission-check', [ 'geolocation' ] ]
[2024-01-30 23:17:28.273] [info]  [ 'appWindow', 'permission-check', [ 'media' ] ]
[2024-01-30 23:17:28.274] [info]  [ 'appWindow', 'permission-check', [ 'media' ] ]
[2024-01-30 23:17:28.281] [info]  [ 'appWindow', 'permission-check', [ 'media' ] ]
[2024-01-30 23:17:28.282] [info]  [ 'appWindow', 'permission-check', [ 'media' ] ]
[2024-01-30 23:17:28.326] [info]  [ 'appWindow', 'permission-check', [ 'media' ] ]
[2024-01-30 23:17:28.326] [info]  [ 'appWindow', 'permission-check', [ 'media' ] ]
[2024-01-30 23:17:28.327] [info]  [ 'appWindow', 'permission-check', [ 'media' ] ]
[2024-01-30 23:17:28.327] [info]  [ 'appWindow', 'permission-check', [ 'media' ] ]
[2024-01-30 23:17:36.469] [info]  [ 'preference update-appWindowState-[object Object]' ]
[2024-01-30 23:17:36.514] [info]  [ 'All windows are closed' ]
[2024-01-30 23:17:36.514] [info]  [ 'APP Switching on progress - ', false ]
[2024-01-30 23:17:36.515] [info]  [ 'Delete Without Mail Account - Start' ]
[2024-01-30 23:17:36.515] [info]  [ 'Delete Without Mail Account - No discrepancy found' ]
[2024-01-30 23:17:36.515] [info]  [ 'Close Window', 'app' ]
[2024-01-30 23:18:07.603] [info]  [
  '[App opened] - version: 1.6.1 - Meta: linux-x64, framework - 26.3.0, baseframework - 116.0.5845.228'
]
[2024-01-30 23:18:07.807] [info]  [
  '{"appWindowState":{"maximized":true,"fullscreen":false,"bounds":{"x":22,"y":60,"width":1876,"height":998}},"enableSecurityFileWrite":true,"defaultMail":{"alwaysCheck":true},"appUpdater":{"autoCheck":true,"autoUpdateErrorCount":0},"spellcheck":true,"viewMenu":{"notificationBadge":true},"disableGPU":false,"oneTimeMessages":{"publicSystems":1},"downloadPreferences":{"folderPath":"/home/osegura","askMeDownload":true}}'
]
[2024-01-30 23:18:09.522] [info]  [ 'appWindow', 'did-navigate', 'https://mail.zoho.com/zm/' ]
[2024-01-30 23:18:09.523] [info]  [ '[base-window] redirect-request', 'https://mail.zoho.com/zm/' ]
[2024-01-30 23:18:09.650] [info]  [ 'Duplicate Account Cleaning - START' ]
[2024-01-30 23:18:11.475] [info]  [ 'app window is ready for processing' ]
[2024-01-30 23:18:11.492] [info]  [ 'appWindow', 'permission-check', [ 'notifications' ] ]
[2024-01-30 23:18:11.942] [info]  [ 'appWindow', 'permission-check', [ 'geolocation' ] ]
[2024-01-30 23:18:12.150] [info]  [ 'appWindow', 'permission-check', [ 'geolocation' ] ]
[2024-01-30 23:18:13.862] [info]  [ 'preference update-appWindowState-[object Object]' ]
[2024-01-30 23:18:14.282] [info]  [ 'appWindow', 'permission-check', [ 'media' ] ]
[2024-01-30 23:18:14.283] [info]  [ 'appWindow', 'permission-check', [ 'media' ] ]
[2024-01-30 23:18:14.284] [info]  [ 'appWindow', 'permission-check', [ 'media' ] ]
[2024-01-30 23:18:14.284] [info]  [ 'appWindow', 'permission-check', [ 'media' ] ]
[2024-01-30 23:18:14.317] [info]  [ 'preference update-appWindowState-[object Object]' ]
[2024-01-30 23:18:14.357] [info]  [ 'appWindow', 'permission-check', [ 'media' ] ]
[2024-01-30 23:18:14.357] [info]  [ 'appWindow', 'permission-check', [ 'media' ] ]
[2024-01-30 23:18:14.423] [info]  [ 'All windows are closed' ]
[2024-01-30 23:18:14.423] [info]  [ 'APP Switching on progress - ', false ]
[2024-01-30 23:18:14.424] [info]  [ 'Delete Without Mail Account - Start' ]
[2024-01-30 23:18:14.424] [info]  [ 'Delete Without Mail Account - No discrepancy found' ]
[2024-01-30 23:18:14.424] [info]  [ 'Close Window', 'app' ]
[2024-01-31 10:38:42.179] [info]  [
  '[App opened] - version: 1.6.1 - Meta: linux-x64, framework - 26.3.0, baseframework - 116.0.5845.228'
]
[2024-01-31 10:38:42.209] [info]  [
  '{"appWindowState":{"maximized":true,"fullscreen":false,"bounds":{"x":22,"y":60,"width":1876,"height":998}},"enableSecurityFileWrite":true,"defaultMail":{"alwaysCheck":true},"appUpdater":{"autoCheck":true,"autoUpdateErrorCount":0},"spellcheck":true,"viewMenu":{"notificationBadge":true},"disableGPU":false,"oneTimeMessages":{"publicSystems":1},"downloadPreferences":{"folderPath":"/home/osegura","askMeDownload":true}}'
]
[2024-01-31 10:38:43.968] [info]  [ 'appWindow', 'did-navigate', 'https://mail.zoho.com/zm/' ]
[2024-01-31 10:38:43.969] [info]  [ '[base-window] redirect-request', 'https://mail.zoho.com/zm/' ]
[2024-01-31 10:38:44.143] [info]  [ 'Duplicate Account Cleaning - START' ]
[2024-01-31 10:38:45.925] [info]  [ 'app window is ready for processing' ]
[2024-01-31 10:38:45.942] [info]  [ 'appWindow', 'permission-check', [ 'notifications' ] ]
[2024-01-31 10:38:46.266] [info]  [ 'appWindow', 'permission-check', [ 'geolocation' ] ]
[2024-01-31 10:38:46.396] [info]  [ 'appWindow', 'permission-check', [ 'geolocation' ] ]
[2024-01-31 10:38:48.826] [info]  [ 'appWindow', 'permission-check', [ 'media' ] ]
[2024-01-31 10:38:48.826] [info]  [ 'appWindow', 'permission-check', [ 'media' ] ]
[2024-01-31 10:38:48.827] [info]  [ 'appWindow', 'permission-check', [ 'media' ] ]
[2024-01-31 10:38:48.827] [info]  [ 'appWindow', 'permission-check', [ 'media' ] ]
[2024-01-31 10:38:48.877] [info]  [ 'appWindow', 'permission-check', [ 'media' ] ]
[2024-01-31 10:38:48.877] [info]  [ 'appWindow', 'permission-check', [ 'media' ] ]
[2024-01-31 10:38:48.950] [info]  [ 'appWindow', 'permission-check', [ 'media' ] ]
[2024-01-31 10:38:48.951] [info]  [ 'appWindow', 'permission-check', [ 'media' ] ]
[2024-01-31 10:38:49.322] [info]  [ 'preference update-appWindowState-[object Object]' ]
[2024-01-31 10:38:49.724] [info]  [ 'preference update-appWindowState-[object Object]' ]
[2024-01-31 10:38:58.053] [info]  [ 'preference update-appWindowState-[object Object]' ]
[2024-01-31 10:38:58.375] [info]  [ 'preference update-appWindowState-[object Object]' ]
[2024-01-31 10:39:04.490] [info]  [ 'preference update-appWindowState-[object Object]' ]
[2024-01-31 10:39:05.192] [info]  [ 'preference update-appWindowState-[object Object]' ]
[2024-01-31 10:40:57.611] [info]  [ 'preference update-appWindowState-[object Object]' ]
[2024-01-31 11:11:36.502] [info]  [
  '[App opened] - version: 1.6.1 - Meta: linux-x64, framework - 26.3.0, baseframework - 116.0.5845.228'
]
[2024-01-31 11:11:36.540] [info]  [
  '{"appWindowState":{"maximized":true,"fullscreen":false,"bounds":{"x":22,"y":60,"width":1876,"height":998}},"enableSecurityFileWrite":true,"defaultMail":{"alwaysCheck":true},"appUpdater":{"autoCheck":true,"autoUpdateErrorCount":0},"spellcheck":true,"viewMenu":{"notificationBadge":true},"disableGPU":false,"oneTimeMessages":{"publicSystems":1},"downloadPreferences":{"folderPath":"/home/osegura","askMeDownload":true}}'
]
[2024-01-31 11:11:38.603] [info]  [ 'appWindow', 'did-navigate', 'https://mail.zoho.com/zm/' ]
[2024-01-31 11:11:38.604] [info]  [ '[base-window] redirect-request', 'https://mail.zoho.com/zm/' ]
[2024-01-31 11:11:38.787] [info]  [ 'Duplicate Account Cleaning - START' ]
[2024-01-31 11:11:42.051] [info]  [ 'app window is ready for processing' ]
[2024-01-31 11:11:42.075] [info]  [ 'appWindow', 'permission-check', [ 'notifications' ] ]
[2024-01-31 11:11:42.423] [info]  [ 'appWindow', 'permission-check', [ 'geolocation' ] ]
[2024-01-31 11:11:42.543] [info]  [ 'preference update-appWindowState-[object Object]' ]
[2024-01-31 11:11:42.572] [info]  [ 'appWindow', 'permission-check', [ 'geolocation' ] ]
[2024-01-31 11:11:43.673] [info]  [ 'preference update-appWindowState-[object Object]' ]
[2024-01-31 11:11:44.989] [info]  [ 'appWindow', 'permission-check', [ 'media' ] ]
[2024-01-31 11:11:44.989] [info]  [ 'appWindow', 'permission-check', [ 'media' ] ]
[2024-01-31 11:11:44.990] [info]  [ 'appWindow', 'permission-check', [ 'media' ] ]
[2024-01-31 11:11:44.990] [info]  [ 'appWindow', 'permission-check', [ 'media' ] ]
[2024-01-31 11:11:45.088] [info]  [ 'appWindow', 'permission-check', [ 'media' ] ]
[2024-01-31 11:11:45.088] [info]  [ 'appWindow', 'permission-check', [ 'media' ] ]
[2024-01-31 11:11:45.097] [info]  [ 'appWindow', 'permission-check', [ 'media' ] ]
[2024-01-31 11:11:45.097] [info]  [ 'appWindow', 'permission-check', [ 'media' ] ]
[2024-01-31 11:11:45.535] [info]  [ 'appWindow', 'permission-check', [ 'media' ] ]
[2024-01-31 11:11:45.535] [info]  [ 'appWindow', 'permission-check', [ 'media' ] ]
[2024-01-31 11:11:45.535] [info]  [ 'appWindow', 'permission-check', [ 'media' ] ]
[2024-01-31 11:11:45.535] [info]  [ 'appWindow', 'permission-check', [ 'media' ] ]
[2024-01-31 12:00:51.294] [info]  [ 'appWindow', 'permission-check', [ 'notifications' ] ]
[2024-01-31 12:00:51.300] [info]  [ 'appWindow', 'permission-check', [ 'notifications' ] ]
[2024-01-31 12:00:51.864] [info]  [ 'appWindow', 'permission-check', [ 'notifications' ] ]
[2024-01-31 12:00:51.866] [info]  [ 'appWindow', 'permission-request', [ 'notifications' ] ]
[2024-01-31 12:17:01.608] [info]  [ 'preference update-appWindowState-[object Object]' ]
[2024-01-31 12:17:01.672] [info]  [ 'All windows are closed' ]
[2024-01-31 12:17:01.673] [info]  [ 'APP Switching on progress - ', false ]
[2024-01-31 12:17:01.673] [info]  [ 'Delete Without Mail Account - Start' ]
[2024-01-31 12:17:01.673] [info]  [ 'Delete Without Mail Account - No discrepancy found' ]
[2024-01-31 12:17:01.673] [info]  [ 'Close Window', 'app' ]
