2023-09-03 07:12:47.085 [info] Reading sessions from keychain...
2023-09-03 07:12:47.085 [info] Getting sessions for all scopes...
2023-09-03 07:12:47.085 [info] Got 0 sessions for ...
2023-09-03 07:12:47.085 [info] Getting sessions for all scopes...
2023-09-03 07:12:47.085 [info] Got 0 sessions for ...
2023-09-03 07:12:47.085 [info] Getting sessions for user:email...
2023-09-03 07:12:47.085 [info] Got 0 sessions for user:email...
2023-09-03 07:12:47.225 [info] Getting sessions for all scopes...
2023-09-03 07:12:47.225 [info] Got 0 sessions for ...
2023-09-03 07:13:00.245 [info] Getting sessions for user:email...
2023-09-03 07:13:00.245 [info] Got 0 sessions for user:email...
2023-09-03 07:13:01.464 [info] Logging in for the following scopes: user:email
2023-09-03 07:13:01.469 [info] Trying without local server... (user:email)
2023-09-03 07:13:50.604 [info] Getting sessions for user:email...
2023-09-03 07:13:50.604 [info] Got 0 sessions for user:email...
2023-09-03 07:13:53.946 [info] Logging in for the following scopes: user:email
2023-09-03 07:13:53.947 [info] Trying without local server... (user:email)
2023-09-03 07:14:12.837 [error] User Cancelled
2023-09-03 07:14:12.837 [error] Cancelled
2023-09-03 07:14:19.329 [info] Getting sessions for user:email...
2023-09-03 07:14:19.329 [info] Got 0 sessions for user:email...
2023-09-03 07:14:20.754 [info] Logging in for the following scopes: user:email
2023-09-03 07:14:20.756 [info] Trying without local server... (user:email)
2023-09-03 07:14:44.343 [info] Getting sessions for user:email...
2023-09-03 07:14:44.343 [info] Got 0 sessions for user:email...
2023-09-03 07:14:45.402 [info] Logging in for the following scopes: user:email
2023-09-03 07:14:45.403 [info] Trying without local server... (user:email)
2023-09-03 07:14:47.006 [error] User Cancelled
2023-09-03 07:14:47.007 [error] Cancelled
2023-09-03 07:14:48.152 [info] Trying with local server... (user:email)
